[2022-11-05 04:14:51,060] multiqc                                            [DEBUG  ]  This is MultiQC v1.12
[2022-11-05 04:14:51,060] multiqc                                            [DEBUG  ]  No MultiQC config found: /usr/local/lib/python3.10/site-packages/multiqc_config.yaml
[2022-11-05 04:14:51,060] multiqc                                            [DEBUG  ]  No MultiQC config found: /home/val/.multiqc_config.yaml
[2022-11-05 04:14:51,085] multiqc                                            [DEBUG  ]  Loading config settings from: multiqc_config.yml
[2022-11-05 04:14:51,085] multiqc                                            [DEBUG  ]  New config 'report_comment': This report has been generated by the <a href="https://github.com/nf-core/smrnaseq" target="_blank">nf-core/smrnaseq</a> analysis pipeline. For information about how to interpret these results, please see the <a href="https://nf-co.re/smrnaseq" target="_blank">documentation</a>.

[2022-11-05 04:14:51,085] multiqc                                            [DEBUG  ]  New config 'report_section_order': {'software_versions': {'order': -1000}, 'nf-core-smrnaseq-summary': {'order': -1001}}
[2022-11-05 04:14:51,085] multiqc                                            [DEBUG  ]  New config 'export_plots': True
[2022-11-05 04:14:51,085] multiqc                                            [DEBUG  ]  Command used: /usr/local/bin/multiqc -f .
[2022-11-05 04:14:52,144] multiqc                                            [WARNING]  MultiQC Version v1.13 now available!
[2022-11-05 04:14:52,145] multiqc                                            [DEBUG  ]  Command     : /usr/local/bin/multiqc -f .
[2022-11-05 04:14:52,145] multiqc                                            [DEBUG  ]  Working dir : /storage2/Bermejo/miRNA/FASTQs/work/53/c215f5f143450e22280d1b2dbddb0c
[2022-11-05 04:14:52,145] multiqc                                            [DEBUG  ]  Template    : default
[2022-11-05 04:14:52,145] multiqc                                            [DEBUG  ]  Running Python 3.10.2 | packaged by conda-forge | (main, Feb  1 2022, 19:28:35) [GCC 9.4.0]
[2022-11-05 04:14:52,146] multiqc                                            [DEBUG  ]  Analysing modules: custom_content, ccs, ngsderive, purple, conpair, lima, peddy, somalier, methylQA, mosdepth, phantompeakqualtools, qualimap, preseq, quast, qorts, rna_seqc, rockhopper, rsem, rseqc, busco, bustools, goleft_indexcov, gffcompare, disambiguate, supernova, deeptools, sargasso, verifybamid, mirtrace, happy, mirtop, sambamba, homer, hops, macs2, theta2, snpeff, gatk, htseq, bcftools, featureCounts, fgbio, dragen, dedup, pbmarkdup, damageprofiler, biobambam2, jcvi, mtnucratio, picard, vep, sentieon, prokka, qc3C, nanostat, samblaster, samtools, sexdeterrmine, eigenstratdatabasetools, bamtools, jellyfish, vcftools, longranger, stacks, varscan2, snippy, bbmap, bismark, biscuit, hicexplorer, hicup, hicpro, salmon, kallisto, slamdunk, star, hisat2, tophat, bowtie2, bowtie1, snpsplit, odgi, pangolin, kat, leehom, adapterRemoval, clipandmerge, cutadapt, flexbar, kaiju, kraken, malt, trimmomatic, sickle, skewer, sortmerna, biobloomtools, fastq_screen, afterqc, fastp, fastqc, pychopper, pycoqc, minionqc, multivcfanalyzer, clusterflow, checkqc, bcl2fastq, bclconvert, interop, ivar, flash, seqyclean, optitype, whatshap
[2022-11-05 04:14:52,146] multiqc                                            [DEBUG  ]  Using temporary directory for creating report: /tmp/tmpw6jwk8d3
[2022-11-05 04:14:52,279] multiqc                                            [INFO   ]  Search path : /storage2/Bermejo/miRNA/FASTQs/work/53/c215f5f143450e22280d1b2dbddb0c
[2022-11-05 04:14:52,323] multiqc                                            [DEBUG  ]  File ignored by ccs/v4 because it exceeded search pattern filesize limit: CTR4_1_mature_hairpin.sorted.bam.stats
[2022-11-05 04:14:52,324] multiqc                                            [DEBUG  ]  File ignored by hicexplorer because it exceeded search pattern filesize limit: CTR4_1_mature_hairpin.sorted.bam.stats
[2022-11-05 04:14:52,324] multiqc                                            [DEBUG  ]  File ignored by lima/summary because it exceeded search pattern filesize limit: CTR4_1_mature_hairpin.sorted.bam.stats
[2022-11-05 04:14:52,326] multiqc                                            [DEBUG  ]  File ignored by longranger/invocation because it exceeded search pattern filesize limit: CTR4_1_mature_hairpin.sorted.bam.stats
[2022-11-05 04:14:52,339] multiqc                                            [DEBUG  ]  File ignored by nanostat because it exceeded search pattern filesize limit: CTR4_1_mature_hairpin.sorted.bam.stats
[2022-11-05 04:14:52,345] multiqc                                            [DEBUG  ]  File ignored by ccs/v4 because it exceeded search pattern filesize limit: SIM4_1_mature.sorted.bam.stats
[2022-11-05 04:14:52,345] multiqc                                            [DEBUG  ]  File ignored by hicexplorer because it exceeded search pattern filesize limit: SIM4_1_mature.sorted.bam.stats
[2022-11-05 04:14:52,345] multiqc                                            [DEBUG  ]  File ignored by lima/summary because it exceeded search pattern filesize limit: SIM4_1_mature.sorted.bam.stats
[2022-11-05 04:14:52,346] multiqc                                            [DEBUG  ]  File ignored by longranger/invocation because it exceeded search pattern filesize limit: SIM4_1_mature.sorted.bam.stats
[2022-11-05 04:14:52,357] multiqc                                            [DEBUG  ]  File ignored by nanostat because it exceeded search pattern filesize limit: SIM4_1_mature.sorted.bam.stats
[2022-11-05 04:14:52,359] multiqc                                            [DEBUG  ]  File ignored by ccs/v4 because it exceeded search pattern filesize limit: SIM5_1_mature_hairpin.sorted.bam.stats
[2022-11-05 04:14:52,359] multiqc                                            [DEBUG  ]  File ignored by hicexplorer because it exceeded search pattern filesize limit: SIM5_1_mature_hairpin.sorted.bam.stats
[2022-11-05 04:14:52,359] multiqc                                            [DEBUG  ]  File ignored by lima/summary because it exceeded search pattern filesize limit: SIM5_1_mature_hairpin.sorted.bam.stats
[2022-11-05 04:14:52,360] multiqc                                            [DEBUG  ]  File ignored by longranger/invocation because it exceeded search pattern filesize limit: SIM5_1_mature_hairpin.sorted.bam.stats
[2022-11-05 04:14:52,372] multiqc                                            [DEBUG  ]  File ignored by nanostat because it exceeded search pattern filesize limit: SIM5_1_mature_hairpin.sorted.bam.stats
[2022-11-05 04:14:52,375] multiqc                                            [DEBUG  ]  File ignored by ccs/v4 because it exceeded search pattern filesize limit: .command.run
[2022-11-05 04:14:52,375] multiqc                                            [DEBUG  ]  File ignored by hicexplorer because it exceeded search pattern filesize limit: .command.run
[2022-11-05 04:14:52,375] multiqc                                            [DEBUG  ]  File ignored by lima/summary because it exceeded search pattern filesize limit: .command.run
[2022-11-05 04:14:52,376] multiqc                                            [DEBUG  ]  File ignored by longranger/invocation because it exceeded search pattern filesize limit: .command.run
[2022-11-05 04:14:52,384] multiqc                                            [DEBUG  ]  File ignored by nanostat because it exceeded search pattern filesize limit: .command.run
[2022-11-05 04:14:52,387] multiqc                                            [DEBUG  ]  File ignored by ccs/v4 because it exceeded search pattern filesize limit: VSGTX3_1_mature_hairpin.sorted.bam.stats
[2022-11-05 04:14:52,387] multiqc                                            [DEBUG  ]  File ignored by hicexplorer because it exceeded search pattern filesize limit: VSGTX3_1_mature_hairpin.sorted.bam.stats
[2022-11-05 04:14:52,387] multiqc                                            [DEBUG  ]  File ignored by lima/summary because it exceeded search pattern filesize limit: VSGTX3_1_mature_hairpin.sorted.bam.stats
[2022-11-05 04:14:52,388] multiqc                                            [DEBUG  ]  File ignored by longranger/invocation because it exceeded search pattern filesize limit: VSGTX3_1_mature_hairpin.sorted.bam.stats
[2022-11-05 04:14:52,399] multiqc                                            [DEBUG  ]  File ignored by nanostat because it exceeded search pattern filesize limit: VSGTX3_1_mature_hairpin.sorted.bam.stats
[2022-11-05 04:14:52,412] multiqc                                            [DEBUG  ]  File ignored by ccs/v4 because it exceeded search pattern filesize limit: VSGTX6_1_mature.sorted.bam.stats
[2022-11-05 04:14:52,412] multiqc                                            [DEBUG  ]  File ignored by hicexplorer because it exceeded search pattern filesize limit: VSGTX6_1_mature.sorted.bam.stats
[2022-11-05 04:14:52,412] multiqc                                            [DEBUG  ]  File ignored by lima/summary because it exceeded search pattern filesize limit: VSGTX6_1_mature.sorted.bam.stats
[2022-11-05 04:14:52,413] multiqc                                            [DEBUG  ]  File ignored by longranger/invocation because it exceeded search pattern filesize limit: VSGTX6_1_mature.sorted.bam.stats
[2022-11-05 04:14:52,423] multiqc                                            [DEBUG  ]  File ignored by nanostat because it exceeded search pattern filesize limit: VSGTX6_1_mature.sorted.bam.stats
[2022-11-05 04:14:52,433] multiqc                                            [DEBUG  ]  File ignored by ccs/v4 because it exceeded search pattern filesize limit: GEMTX3_1_mature.sorted.bam.stats
[2022-11-05 04:14:52,433] multiqc                                            [DEBUG  ]  File ignored by hicexplorer because it exceeded search pattern filesize limit: GEMTX3_1_mature.sorted.bam.stats
[2022-11-05 04:14:52,433] multiqc                                            [DEBUG  ]  File ignored by lima/summary because it exceeded search pattern filesize limit: GEMTX3_1_mature.sorted.bam.stats
[2022-11-05 04:14:52,434] multiqc                                            [DEBUG  ]  File ignored by longranger/invocation because it exceeded search pattern filesize limit: GEMTX3_1_mature.sorted.bam.stats
[2022-11-05 04:14:52,444] multiqc                                            [DEBUG  ]  File ignored by nanostat because it exceeded search pattern filesize limit: GEMTX3_1_mature.sorted.bam.stats
[2022-11-05 04:14:52,445] multiqc                                            [DEBUG  ]  File ignored by ccs/v4 because it exceeded search pattern filesize limit: VPASM5_1_mature_hairpin.sorted.bam.stats
[2022-11-05 04:14:52,446] multiqc                                            [DEBUG  ]  File ignored by hicexplorer because it exceeded search pattern filesize limit: VPASM5_1_mature_hairpin.sorted.bam.stats
[2022-11-05 04:14:52,446] multiqc                                            [DEBUG  ]  File ignored by lima/summary because it exceeded search pattern filesize limit: VPASM5_1_mature_hairpin.sorted.bam.stats
[2022-11-05 04:14:52,447] multiqc                                            [DEBUG  ]  File ignored by longranger/invocation because it exceeded search pattern filesize limit: VPASM5_1_mature_hairpin.sorted.bam.stats
[2022-11-05 04:14:52,457] multiqc                                            [DEBUG  ]  File ignored by nanostat because it exceeded search pattern filesize limit: VPASM5_1_mature_hairpin.sorted.bam.stats
[2022-11-05 04:14:52,462] multiqc                                            [DEBUG  ]  File ignored by ccs/v4 because it exceeded search pattern filesize limit: VPA2_1_mature.sorted.bam.stats
[2022-11-05 04:14:52,463] multiqc                                            [DEBUG  ]  File ignored by hicexplorer because it exceeded search pattern filesize limit: VPA2_1_mature.sorted.bam.stats
[2022-11-05 04:14:52,463] multiqc                                            [DEBUG  ]  File ignored by lima/summary because it exceeded search pattern filesize limit: VPA2_1_mature.sorted.bam.stats
[2022-11-05 04:14:52,463] multiqc                                            [DEBUG  ]  File ignored by longranger/invocation because it exceeded search pattern filesize limit: VPA2_1_mature.sorted.bam.stats
[2022-11-05 04:14:52,472] multiqc                                            [DEBUG  ]  File ignored by nanostat because it exceeded search pattern filesize limit: VPA2_1_mature.sorted.bam.stats
[2022-11-05 04:14:52,475] multiqc                                            [DEBUG  ]  File ignored by ccs/v4 because it exceeded search pattern filesize limit: SIM6_1_mature.sorted.bam.stats
[2022-11-05 04:14:52,475] multiqc                                            [DEBUG  ]  File ignored by hicexplorer because it exceeded search pattern filesize limit: SIM6_1_mature.sorted.bam.stats
[2022-11-05 04:14:52,475] multiqc                                            [DEBUG  ]  File ignored by lima/summary because it exceeded search pattern filesize limit: SIM6_1_mature.sorted.bam.stats
[2022-11-05 04:14:52,476] multiqc                                            [DEBUG  ]  File ignored by longranger/invocation because it exceeded search pattern filesize limit: SIM6_1_mature.sorted.bam.stats
[2022-11-05 04:14:52,485] multiqc                                            [DEBUG  ]  File ignored by nanostat because it exceeded search pattern filesize limit: SIM6_1_mature.sorted.bam.stats
[2022-11-05 04:14:52,486] multiqc                                            [DEBUG  ]  File ignored by ccs/v4 because it exceeded search pattern filesize limit: VSGTX6_1_mature_hairpin.sorted.bam.stats
[2022-11-05 04:14:52,487] multiqc                                            [DEBUG  ]  File ignored by hicexplorer because it exceeded search pattern filesize limit: VSGTX6_1_mature_hairpin.sorted.bam.stats
[2022-11-05 04:14:52,487] multiqc                                            [DEBUG  ]  File ignored by lima/summary because it exceeded search pattern filesize limit: VSGTX6_1_mature_hairpin.sorted.bam.stats
[2022-11-05 04:14:52,487] multiqc                                            [DEBUG  ]  File ignored by longranger/invocation because it exceeded search pattern filesize limit: VSGTX6_1_mature_hairpin.sorted.bam.stats
[2022-11-05 04:14:52,497] multiqc                                            [DEBUG  ]  File ignored by nanostat because it exceeded search pattern filesize limit: VSGTX6_1_mature_hairpin.sorted.bam.stats
[2022-11-05 04:14:52,499] multiqc                                            [DEBUG  ]  File ignored by ccs/v4 because it exceeded search pattern filesize limit: VPA1_1_mature_hairpin.sorted.bam.stats
[2022-11-05 04:14:52,499] multiqc                                            [DEBUG  ]  File ignored by hicexplorer because it exceeded search pattern filesize limit: VPA1_1_mature_hairpin.sorted.bam.stats
[2022-11-05 04:14:52,499] multiqc                                            [DEBUG  ]  File ignored by lima/summary because it exceeded search pattern filesize limit: VPA1_1_mature_hairpin.sorted.bam.stats
[2022-11-05 04:14:52,500] multiqc                                            [DEBUG  ]  File ignored by longranger/invocation because it exceeded search pattern filesize limit: VPA1_1_mature_hairpin.sorted.bam.stats
[2022-11-05 04:14:52,510] multiqc                                            [DEBUG  ]  File ignored by nanostat because it exceeded search pattern filesize limit: VPA1_1_mature_hairpin.sorted.bam.stats
[2022-11-05 04:14:52,519] multiqc                                            [DEBUG  ]  File ignored by ccs/v4 because it exceeded search pattern filesize limit: SIM3_1_mature.sorted.bam.stats
[2022-11-05 04:14:52,519] multiqc                                            [DEBUG  ]  File ignored by hicexplorer because it exceeded search pattern filesize limit: SIM3_1_mature.sorted.bam.stats
[2022-11-05 04:14:52,519] multiqc                                            [DEBUG  ]  File ignored by lima/summary because it exceeded search pattern filesize limit: SIM3_1_mature.sorted.bam.stats
[2022-11-05 04:14:52,520] multiqc                                            [DEBUG  ]  File ignored by longranger/invocation because it exceeded search pattern filesize limit: SIM3_1_mature.sorted.bam.stats
[2022-11-05 04:14:52,529] multiqc                                            [DEBUG  ]  File ignored by nanostat because it exceeded search pattern filesize limit: SIM3_1_mature.sorted.bam.stats
[2022-11-05 04:14:52,531] multiqc                                            [DEBUG  ]  File ignored by ccs/v4 because it exceeded search pattern filesize limit: VSGTX1_1_mature_hairpin.sorted.bam.stats
[2022-11-05 04:14:52,532] multiqc                                            [DEBUG  ]  File ignored by hicexplorer because it exceeded search pattern filesize limit: VSGTX1_1_mature_hairpin.sorted.bam.stats
[2022-11-05 04:14:52,532] multiqc                                            [DEBUG  ]  File ignored by lima/summary because it exceeded search pattern filesize limit: VSGTX1_1_mature_hairpin.sorted.bam.stats
[2022-11-05 04:14:52,533] multiqc                                            [DEBUG  ]  File ignored by longranger/invocation because it exceeded search pattern filesize limit: VSGTX1_1_mature_hairpin.sorted.bam.stats
[2022-11-05 04:14:52,541] multiqc                                            [DEBUG  ]  File ignored by nanostat because it exceeded search pattern filesize limit: VSGTX1_1_mature_hairpin.sorted.bam.stats
[2022-11-05 04:14:52,543] multiqc                                            [DEBUG  ]  File ignored by ccs/v4 because it exceeded search pattern filesize limit: CTR1_1_mature_hairpin.sorted.bam.stats
[2022-11-05 04:14:52,544] multiqc                                            [DEBUG  ]  File ignored by hicexplorer because it exceeded search pattern filesize limit: CTR1_1_mature_hairpin.sorted.bam.stats
[2022-11-05 04:14:52,544] multiqc                                            [DEBUG  ]  File ignored by lima/summary because it exceeded search pattern filesize limit: CTR1_1_mature_hairpin.sorted.bam.stats
[2022-11-05 04:14:52,544] multiqc                                            [DEBUG  ]  File ignored by longranger/invocation because it exceeded search pattern filesize limit: CTR1_1_mature_hairpin.sorted.bam.stats
[2022-11-05 04:14:52,553] multiqc                                            [DEBUG  ]  File ignored by nanostat because it exceeded search pattern filesize limit: CTR1_1_mature_hairpin.sorted.bam.stats
[2022-11-05 04:14:52,564] multiqc                                            [DEBUG  ]  File ignored by ccs/v4 because it exceeded search pattern filesize limit: mirtrace-stats-contamination_detailed.tsv
[2022-11-05 04:14:52,564] multiqc                                            [DEBUG  ]  File ignored by hicexplorer because it exceeded search pattern filesize limit: mirtrace-stats-contamination_detailed.tsv
[2022-11-05 04:14:52,564] multiqc                                            [DEBUG  ]  File ignored by lima/summary because it exceeded search pattern filesize limit: mirtrace-stats-contamination_detailed.tsv
[2022-11-05 04:14:52,565] multiqc                                            [DEBUG  ]  File ignored by longranger/invocation because it exceeded search pattern filesize limit: mirtrace-stats-contamination_detailed.tsv
[2022-11-05 04:14:52,568] multiqc                                            [DEBUG  ]  File ignored by nanostat because it exceeded search pattern filesize limit: mirtrace-stats-contamination_detailed.tsv
[2022-11-05 04:14:52,569] multiqc                                            [DEBUG  ]  File ignored by ccs/v4 because it exceeded search pattern filesize limit: SIM4_1_mature_hairpin.sorted.bam.stats
[2022-11-05 04:14:52,569] multiqc                                            [DEBUG  ]  File ignored by hicexplorer because it exceeded search pattern filesize limit: SIM4_1_mature_hairpin.sorted.bam.stats
[2022-11-05 04:14:52,570] multiqc                                            [DEBUG  ]  File ignored by lima/summary because it exceeded search pattern filesize limit: SIM4_1_mature_hairpin.sorted.bam.stats
[2022-11-05 04:14:52,570] multiqc                                            [DEBUG  ]  File ignored by longranger/invocation because it exceeded search pattern filesize limit: SIM4_1_mature_hairpin.sorted.bam.stats
[2022-11-05 04:14:52,579] multiqc                                            [DEBUG  ]  File ignored by nanostat because it exceeded search pattern filesize limit: SIM4_1_mature_hairpin.sorted.bam.stats
[2022-11-05 04:14:52,581] multiqc                                            [DEBUG  ]  File ignored by ccs/v4 because it exceeded search pattern filesize limit: VPA3_1_mature_hairpin.sorted.bam.stats
[2022-11-05 04:14:52,582] multiqc                                            [DEBUG  ]  File ignored by hicexplorer because it exceeded search pattern filesize limit: VPA3_1_mature_hairpin.sorted.bam.stats
[2022-11-05 04:14:52,582] multiqc                                            [DEBUG  ]  File ignored by lima/summary because it exceeded search pattern filesize limit: VPA3_1_mature_hairpin.sorted.bam.stats
[2022-11-05 04:14:52,582] multiqc                                            [DEBUG  ]  File ignored by longranger/invocation because it exceeded search pattern filesize limit: VPA3_1_mature_hairpin.sorted.bam.stats
[2022-11-05 04:14:52,591] multiqc                                            [DEBUG  ]  File ignored by nanostat because it exceeded search pattern filesize limit: VPA3_1_mature_hairpin.sorted.bam.stats
[2022-11-05 04:14:52,593] multiqc                                            [DEBUG  ]  File ignored by ccs/v4 because it exceeded search pattern filesize limit: VSGTX5_1_mature.sorted.bam.stats
[2022-11-05 04:14:52,594] multiqc                                            [DEBUG  ]  File ignored by hicexplorer because it exceeded search pattern filesize limit: VSGTX5_1_mature.sorted.bam.stats
[2022-11-05 04:14:52,594] multiqc                                            [DEBUG  ]  File ignored by lima/summary because it exceeded search pattern filesize limit: VSGTX5_1_mature.sorted.bam.stats
[2022-11-05 04:14:52,595] multiqc                                            [DEBUG  ]  File ignored by longranger/invocation because it exceeded search pattern filesize limit: VSGTX5_1_mature.sorted.bam.stats
[2022-11-05 04:14:52,605] multiqc                                            [DEBUG  ]  File ignored by nanostat because it exceeded search pattern filesize limit: VSGTX5_1_mature.sorted.bam.stats
[2022-11-05 04:14:52,607] multiqc                                            [DEBUG  ]  File ignored by ccs/v4 because it exceeded search pattern filesize limit: CTR6_1_mature.sorted.bam.stats
[2022-11-05 04:14:52,608] multiqc                                            [DEBUG  ]  File ignored by hicexplorer because it exceeded search pattern filesize limit: CTR6_1_mature.sorted.bam.stats
[2022-11-05 04:14:52,608] multiqc                                            [DEBUG  ]  File ignored by lima/summary because it exceeded search pattern filesize limit: CTR6_1_mature.sorted.bam.stats
[2022-11-05 04:14:52,608] multiqc                                            [DEBUG  ]  File ignored by longranger/invocation because it exceeded search pattern filesize limit: CTR6_1_mature.sorted.bam.stats
[2022-11-05 04:14:52,618] multiqc                                            [DEBUG  ]  File ignored by nanostat because it exceeded search pattern filesize limit: CTR6_1_mature.sorted.bam.stats
[2022-11-05 04:14:52,619] multiqc                                            [DEBUG  ]  File ignored by ccs/v4 because it exceeded search pattern filesize limit: VPA4_1_mature_hairpin.sorted.bam.stats
[2022-11-05 04:14:52,620] multiqc                                            [DEBUG  ]  File ignored by hicexplorer because it exceeded search pattern filesize limit: VPA4_1_mature_hairpin.sorted.bam.stats
[2022-11-05 04:14:52,620] multiqc                                            [DEBUG  ]  File ignored by lima/summary because it exceeded search pattern filesize limit: VPA4_1_mature_hairpin.sorted.bam.stats
[2022-11-05 04:14:52,620] multiqc                                            [DEBUG  ]  File ignored by longranger/invocation because it exceeded search pattern filesize limit: VPA4_1_mature_hairpin.sorted.bam.stats
[2022-11-05 04:14:52,629] multiqc                                            [DEBUG  ]  File ignored by nanostat because it exceeded search pattern filesize limit: VPA4_1_mature_hairpin.sorted.bam.stats
[2022-11-05 04:14:52,636] multiqc                                            [DEBUG  ]  File ignored by ccs/v4 because it exceeded search pattern filesize limit: mirtrace-stats-phred.tsv
[2022-11-05 04:14:52,636] multiqc                                            [DEBUG  ]  File ignored by hicexplorer because it exceeded search pattern filesize limit: mirtrace-stats-phred.tsv
[2022-11-05 04:14:52,637] multiqc                                            [DEBUG  ]  File ignored by lima/summary because it exceeded search pattern filesize limit: mirtrace-stats-phred.tsv
[2022-11-05 04:14:52,637] multiqc                                            [DEBUG  ]  File ignored by longranger/invocation because it exceeded search pattern filesize limit: mirtrace-stats-phred.tsv
[2022-11-05 04:14:52,639] multiqc                                            [DEBUG  ]  File ignored by nanostat because it exceeded search pattern filesize limit: mirtrace-stats-phred.tsv
[2022-11-05 04:14:52,640] multiqc                                            [DEBUG  ]  File ignored by ccs/v4 because it exceeded search pattern filesize limit: VPASM2_1_mature_hairpin.sorted.bam.stats
[2022-11-05 04:14:52,640] multiqc                                            [DEBUG  ]  File ignored by hicexplorer because it exceeded search pattern filesize limit: VPASM2_1_mature_hairpin.sorted.bam.stats
[2022-11-05 04:14:52,640] multiqc                                            [DEBUG  ]  File ignored by lima/summary because it exceeded search pattern filesize limit: VPASM2_1_mature_hairpin.sorted.bam.stats
[2022-11-05 04:14:52,641] multiqc                                            [DEBUG  ]  File ignored by longranger/invocation because it exceeded search pattern filesize limit: VPASM2_1_mature_hairpin.sorted.bam.stats
[2022-11-05 04:14:52,650] multiqc                                            [DEBUG  ]  File ignored by nanostat because it exceeded search pattern filesize limit: VPASM2_1_mature_hairpin.sorted.bam.stats
[2022-11-05 04:14:52,652] multiqc                                            [DEBUG  ]  File ignored by ccs/v4 because it exceeded search pattern filesize limit: VPASM3_1_mature_hairpin.sorted.bam.stats
[2022-11-05 04:14:52,653] multiqc                                            [DEBUG  ]  File ignored by hicexplorer because it exceeded search pattern filesize limit: VPASM3_1_mature_hairpin.sorted.bam.stats
[2022-11-05 04:14:52,653] multiqc                                            [DEBUG  ]  File ignored by lima/summary because it exceeded search pattern filesize limit: VPASM3_1_mature_hairpin.sorted.bam.stats
[2022-11-05 04:14:52,653] multiqc                                            [DEBUG  ]  File ignored by longranger/invocation because it exceeded search pattern filesize limit: VPASM3_1_mature_hairpin.sorted.bam.stats
[2022-11-05 04:14:52,663] multiqc                                            [DEBUG  ]  File ignored by nanostat because it exceeded search pattern filesize limit: VPASM3_1_mature_hairpin.sorted.bam.stats
[2022-11-05 04:14:52,664] multiqc                                            [DEBUG  ]  File ignored by ccs/v4 because it exceeded search pattern filesize limit: CTR2_1_mature_hairpin.sorted.bam.stats
[2022-11-05 04:14:52,665] multiqc                                            [DEBUG  ]  File ignored by hicexplorer because it exceeded search pattern filesize limit: CTR2_1_mature_hairpin.sorted.bam.stats
[2022-11-05 04:14:52,665] multiqc                                            [DEBUG  ]  File ignored by lima/summary because it exceeded search pattern filesize limit: CTR2_1_mature_hairpin.sorted.bam.stats
[2022-11-05 04:14:52,665] multiqc                                            [DEBUG  ]  File ignored by longranger/invocation because it exceeded search pattern filesize limit: CTR2_1_mature_hairpin.sorted.bam.stats
[2022-11-05 04:14:52,675] multiqc                                            [DEBUG  ]  File ignored by nanostat because it exceeded search pattern filesize limit: CTR2_1_mature_hairpin.sorted.bam.stats
[2022-11-05 04:14:52,680] multiqc                                            [DEBUG  ]  File ignored by ccs/v4 because it exceeded search pattern filesize limit: mirtrace-stats-rnatype.tsv
[2022-11-05 04:14:52,681] multiqc                                            [DEBUG  ]  File ignored by lima/summary because it exceeded search pattern filesize limit: mirtrace-stats-rnatype.tsv
[2022-11-05 04:14:52,690] multiqc                                            [DEBUG  ]  File ignored by ccs/v4 because it exceeded search pattern filesize limit: VSGTX4_1_mature.sorted.bam.stats
[2022-11-05 04:14:52,690] multiqc                                            [DEBUG  ]  File ignored by hicexplorer because it exceeded search pattern filesize limit: VSGTX4_1_mature.sorted.bam.stats
[2022-11-05 04:14:52,691] multiqc                                            [DEBUG  ]  File ignored by lima/summary because it exceeded search pattern filesize limit: VSGTX4_1_mature.sorted.bam.stats
[2022-11-05 04:14:52,691] multiqc                                            [DEBUG  ]  File ignored by longranger/invocation because it exceeded search pattern filesize limit: VSGTX4_1_mature.sorted.bam.stats
[2022-11-05 04:14:52,700] multiqc                                            [DEBUG  ]  File ignored by nanostat because it exceeded search pattern filesize limit: VSGTX4_1_mature.sorted.bam.stats
[2022-11-05 04:14:52,702] multiqc                                            [DEBUG  ]  File ignored by ccs/v4 because it exceeded search pattern filesize limit: CTR6_1_mature_hairpin.sorted.bam.stats
[2022-11-05 04:14:52,702] multiqc                                            [DEBUG  ]  File ignored by hicexplorer because it exceeded search pattern filesize limit: CTR6_1_mature_hairpin.sorted.bam.stats
[2022-11-05 04:14:52,702] multiqc                                            [DEBUG  ]  File ignored by lima/summary because it exceeded search pattern filesize limit: CTR6_1_mature_hairpin.sorted.bam.stats
[2022-11-05 04:14:52,703] multiqc                                            [DEBUG  ]  File ignored by longranger/invocation because it exceeded search pattern filesize limit: CTR6_1_mature_hairpin.sorted.bam.stats
[2022-11-05 04:14:52,718] multiqc                                            [DEBUG  ]  File ignored by nanostat because it exceeded search pattern filesize limit: CTR6_1_mature_hairpin.sorted.bam.stats
[2022-11-05 04:14:52,725] multiqc                                            [DEBUG  ]  File ignored by ccs/v4 because it exceeded search pattern filesize limit: VSGTX3_1_mature.sorted.bam.stats
[2022-11-05 04:14:52,725] multiqc                                            [DEBUG  ]  File ignored by hicexplorer because it exceeded search pattern filesize limit: VSGTX3_1_mature.sorted.bam.stats
[2022-11-05 04:14:52,725] multiqc                                            [DEBUG  ]  File ignored by lima/summary because it exceeded search pattern filesize limit: VSGTX3_1_mature.sorted.bam.stats
[2022-11-05 04:14:52,726] multiqc                                            [DEBUG  ]  File ignored by longranger/invocation because it exceeded search pattern filesize limit: VSGTX3_1_mature.sorted.bam.stats
[2022-11-05 04:14:52,735] multiqc                                            [DEBUG  ]  File ignored by nanostat because it exceeded search pattern filesize limit: VSGTX3_1_mature.sorted.bam.stats
[2022-11-05 04:14:52,738] multiqc                                            [DEBUG  ]  File ignored by ccs/v4 because it exceeded search pattern filesize limit: VPA1_1_mature.sorted.bam.stats
[2022-11-05 04:14:52,738] multiqc                                            [DEBUG  ]  File ignored by hicexplorer because it exceeded search pattern filesize limit: VPA1_1_mature.sorted.bam.stats
[2022-11-05 04:14:52,738] multiqc                                            [DEBUG  ]  File ignored by lima/summary because it exceeded search pattern filesize limit: VPA1_1_mature.sorted.bam.stats
[2022-11-05 04:14:52,739] multiqc                                            [DEBUG  ]  File ignored by longranger/invocation because it exceeded search pattern filesize limit: VPA1_1_mature.sorted.bam.stats
[2022-11-05 04:14:52,748] multiqc                                            [DEBUG  ]  File ignored by nanostat because it exceeded search pattern filesize limit: VPA1_1_mature.sorted.bam.stats
[2022-11-05 04:14:52,754] multiqc                                            [DEBUG  ]  File ignored by ccs/v4 because it exceeded search pattern filesize limit: CTR2_1_mature.sorted.bam.stats
[2022-11-05 04:14:52,754] multiqc                                            [DEBUG  ]  File ignored by hicexplorer because it exceeded search pattern filesize limit: CTR2_1_mature.sorted.bam.stats
[2022-11-05 04:14:52,754] multiqc                                            [DEBUG  ]  File ignored by lima/summary because it exceeded search pattern filesize limit: CTR2_1_mature.sorted.bam.stats
[2022-11-05 04:14:52,755] multiqc                                            [DEBUG  ]  File ignored by longranger/invocation because it exceeded search pattern filesize limit: CTR2_1_mature.sorted.bam.stats
[2022-11-05 04:14:52,763] multiqc                                            [DEBUG  ]  File ignored by nanostat because it exceeded search pattern filesize limit: CTR2_1_mature.sorted.bam.stats
[2022-11-05 04:14:52,770] multiqc                                            [DEBUG  ]  File ignored by ccs/v4 because it exceeded search pattern filesize limit: VPASM6_1_mature_hairpin.sorted.bam.stats
[2022-11-05 04:14:52,771] multiqc                                            [DEBUG  ]  File ignored by hicexplorer because it exceeded search pattern filesize limit: VPASM6_1_mature_hairpin.sorted.bam.stats
[2022-11-05 04:14:52,771] multiqc                                            [DEBUG  ]  File ignored by lima/summary because it exceeded search pattern filesize limit: VPASM6_1_mature_hairpin.sorted.bam.stats
[2022-11-05 04:14:52,771] multiqc                                            [DEBUG  ]  File ignored by longranger/invocation because it exceeded search pattern filesize limit: VPASM6_1_mature_hairpin.sorted.bam.stats
[2022-11-05 04:14:52,780] multiqc                                            [DEBUG  ]  File ignored by nanostat because it exceeded search pattern filesize limit: VPASM6_1_mature_hairpin.sorted.bam.stats
[2022-11-05 04:14:52,783] multiqc                                            [DEBUG  ]  File ignored by ccs/v4 because it exceeded search pattern filesize limit: VSGTX1_1_mature.sorted.bam.stats
[2022-11-05 04:14:52,783] multiqc                                            [DEBUG  ]  File ignored by hicexplorer because it exceeded search pattern filesize limit: VSGTX1_1_mature.sorted.bam.stats
[2022-11-05 04:14:52,783] multiqc                                            [DEBUG  ]  File ignored by lima/summary because it exceeded search pattern filesize limit: VSGTX1_1_mature.sorted.bam.stats
[2022-11-05 04:14:52,784] multiqc                                            [DEBUG  ]  File ignored by longranger/invocation because it exceeded search pattern filesize limit: VSGTX1_1_mature.sorted.bam.stats
[2022-11-05 04:14:52,793] multiqc                                            [DEBUG  ]  File ignored by nanostat because it exceeded search pattern filesize limit: VSGTX1_1_mature.sorted.bam.stats
[2022-11-05 04:14:52,795] multiqc                                            [DEBUG  ]  File ignored by ccs/v4 because it exceeded search pattern filesize limit: GEMTX2_1_mature_hairpin.sorted.bam.stats
[2022-11-05 04:14:52,795] multiqc                                            [DEBUG  ]  File ignored by hicexplorer because it exceeded search pattern filesize limit: GEMTX2_1_mature_hairpin.sorted.bam.stats
[2022-11-05 04:14:52,795] multiqc                                            [DEBUG  ]  File ignored by lima/summary because it exceeded search pattern filesize limit: GEMTX2_1_mature_hairpin.sorted.bam.stats
[2022-11-05 04:14:52,796] multiqc                                            [DEBUG  ]  File ignored by longranger/invocation because it exceeded search pattern filesize limit: GEMTX2_1_mature_hairpin.sorted.bam.stats
[2022-11-05 04:14:52,805] multiqc                                            [DEBUG  ]  File ignored by nanostat because it exceeded search pattern filesize limit: GEMTX2_1_mature_hairpin.sorted.bam.stats
[2022-11-05 04:14:52,807] multiqc                                            [DEBUG  ]  File ignored by ccs/v4 because it exceeded search pattern filesize limit: VSGTX4_1_mature_hairpin.sorted.bam.stats
[2022-11-05 04:14:52,807] multiqc                                            [DEBUG  ]  File ignored by hicexplorer because it exceeded search pattern filesize limit: VSGTX4_1_mature_hairpin.sorted.bam.stats
[2022-11-05 04:14:52,807] multiqc                                            [DEBUG  ]  File ignored by lima/summary because it exceeded search pattern filesize limit: VSGTX4_1_mature_hairpin.sorted.bam.stats
[2022-11-05 04:14:52,808] multiqc                                            [DEBUG  ]  File ignored by longranger/invocation because it exceeded search pattern filesize limit: VSGTX4_1_mature_hairpin.sorted.bam.stats
[2022-11-05 04:14:52,816] multiqc                                            [DEBUG  ]  File ignored by nanostat because it exceeded search pattern filesize limit: VSGTX4_1_mature_hairpin.sorted.bam.stats
[2022-11-05 04:14:52,830] multiqc                                            [DEBUG  ]  File ignored by ccs/v4 because it exceeded search pattern filesize limit: CTR3_1_mature.sorted.bam.stats
[2022-11-05 04:14:52,830] multiqc                                            [DEBUG  ]  File ignored by hicexplorer because it exceeded search pattern filesize limit: CTR3_1_mature.sorted.bam.stats
[2022-11-05 04:14:52,830] multiqc                                            [DEBUG  ]  File ignored by lima/summary because it exceeded search pattern filesize limit: CTR3_1_mature.sorted.bam.stats
[2022-11-05 04:14:52,831] multiqc                                            [DEBUG  ]  File ignored by longranger/invocation because it exceeded search pattern filesize limit: CTR3_1_mature.sorted.bam.stats
[2022-11-05 04:14:52,840] multiqc                                            [DEBUG  ]  File ignored by nanostat because it exceeded search pattern filesize limit: CTR3_1_mature.sorted.bam.stats
[2022-11-05 04:14:52,845] multiqc                                            [DEBUG  ]  File ignored by ccs/v4 because it exceeded search pattern filesize limit: GEMTX6_1_mature.sorted.bam.stats
[2022-11-05 04:14:52,845] multiqc                                            [DEBUG  ]  File ignored by hicexplorer because it exceeded search pattern filesize limit: GEMTX6_1_mature.sorted.bam.stats
[2022-11-05 04:14:52,845] multiqc                                            [DEBUG  ]  File ignored by lima/summary because it exceeded search pattern filesize limit: GEMTX6_1_mature.sorted.bam.stats
[2022-11-05 04:14:52,846] multiqc                                            [DEBUG  ]  File ignored by longranger/invocation because it exceeded search pattern filesize limit: GEMTX6_1_mature.sorted.bam.stats
[2022-11-05 04:14:52,854] multiqc                                            [DEBUG  ]  File ignored by nanostat because it exceeded search pattern filesize limit: GEMTX6_1_mature.sorted.bam.stats
[2022-11-05 04:14:52,856] multiqc                                            [DEBUG  ]  File ignored by ccs/v4 because it exceeded search pattern filesize limit: VPA5_1_mature.sorted.bam.stats
[2022-11-05 04:14:52,857] multiqc                                            [DEBUG  ]  File ignored by hicexplorer because it exceeded search pattern filesize limit: VPA5_1_mature.sorted.bam.stats
[2022-11-05 04:14:52,857] multiqc                                            [DEBUG  ]  File ignored by lima/summary because it exceeded search pattern filesize limit: VPA5_1_mature.sorted.bam.stats
[2022-11-05 04:14:52,858] multiqc                                            [DEBUG  ]  File ignored by longranger/invocation because it exceeded search pattern filesize limit: VPA5_1_mature.sorted.bam.stats
[2022-11-05 04:14:52,866] multiqc                                            [DEBUG  ]  File ignored by nanostat because it exceeded search pattern filesize limit: VPA5_1_mature.sorted.bam.stats
[2022-11-05 04:14:52,868] multiqc                                            [DEBUG  ]  File ignored by ccs/v4 because it exceeded search pattern filesize limit: GEMTX5_1_mature.sorted.bam.stats
[2022-11-05 04:14:52,869] multiqc                                            [DEBUG  ]  File ignored by hicexplorer because it exceeded search pattern filesize limit: GEMTX5_1_mature.sorted.bam.stats
[2022-11-05 04:14:52,869] multiqc                                            [DEBUG  ]  File ignored by lima/summary because it exceeded search pattern filesize limit: GEMTX5_1_mature.sorted.bam.stats
[2022-11-05 04:14:52,869] multiqc                                            [DEBUG  ]  File ignored by longranger/invocation because it exceeded search pattern filesize limit: GEMTX5_1_mature.sorted.bam.stats
[2022-11-05 04:14:52,878] multiqc                                            [DEBUG  ]  File ignored by nanostat because it exceeded search pattern filesize limit: GEMTX5_1_mature.sorted.bam.stats
[2022-11-05 04:14:52,880] multiqc                                            [DEBUG  ]  File ignored by ccs/v4 because it exceeded search pattern filesize limit: VPA5_1_mature_hairpin.sorted.bam.stats
[2022-11-05 04:14:52,880] multiqc                                            [DEBUG  ]  File ignored by hicexplorer because it exceeded search pattern filesize limit: VPA5_1_mature_hairpin.sorted.bam.stats
[2022-11-05 04:14:52,880] multiqc                                            [DEBUG  ]  File ignored by lima/summary because it exceeded search pattern filesize limit: VPA5_1_mature_hairpin.sorted.bam.stats
[2022-11-05 04:14:52,881] multiqc                                            [DEBUG  ]  File ignored by longranger/invocation because it exceeded search pattern filesize limit: VPA5_1_mature_hairpin.sorted.bam.stats
[2022-11-05 04:14:52,890] multiqc                                            [DEBUG  ]  File ignored by nanostat because it exceeded search pattern filesize limit: VPA5_1_mature_hairpin.sorted.bam.stats
[2022-11-05 04:14:52,892] multiqc                                            [DEBUG  ]  File ignored by ccs/v4 because it exceeded search pattern filesize limit: VPASM6_1_mature.sorted.bam.stats
[2022-11-05 04:14:52,893] multiqc                                            [DEBUG  ]  File ignored by hicexplorer because it exceeded search pattern filesize limit: VPASM6_1_mature.sorted.bam.stats
[2022-11-05 04:14:52,893] multiqc                                            [DEBUG  ]  File ignored by lima/summary because it exceeded search pattern filesize limit: VPASM6_1_mature.sorted.bam.stats
[2022-11-05 04:14:52,893] multiqc                                            [DEBUG  ]  File ignored by longranger/invocation because it exceeded search pattern filesize limit: VPASM6_1_mature.sorted.bam.stats
[2022-11-05 04:14:52,902] multiqc                                            [DEBUG  ]  File ignored by nanostat because it exceeded search pattern filesize limit: VPASM6_1_mature.sorted.bam.stats
[2022-11-05 04:14:52,904] multiqc                                            [DEBUG  ]  File ignored by ccs/v4 because it exceeded search pattern filesize limit: GEMTX2_1_mature.sorted.bam.stats
[2022-11-05 04:14:52,905] multiqc                                            [DEBUG  ]  File ignored by hicexplorer because it exceeded search pattern filesize limit: GEMTX2_1_mature.sorted.bam.stats
[2022-11-05 04:14:52,905] multiqc                                            [DEBUG  ]  File ignored by lima/summary because it exceeded search pattern filesize limit: GEMTX2_1_mature.sorted.bam.stats
[2022-11-05 04:14:52,905] multiqc                                            [DEBUG  ]  File ignored by longranger/invocation because it exceeded search pattern filesize limit: GEMTX2_1_mature.sorted.bam.stats
[2022-11-05 04:14:52,914] multiqc                                            [DEBUG  ]  File ignored by nanostat because it exceeded search pattern filesize limit: GEMTX2_1_mature.sorted.bam.stats
[2022-11-05 04:14:52,916] multiqc                                            [DEBUG  ]  File ignored by ccs/v4 because it exceeded search pattern filesize limit: CTR5_1_mature.sorted.bam.stats
[2022-11-05 04:14:52,917] multiqc                                            [DEBUG  ]  File ignored by hicexplorer because it exceeded search pattern filesize limit: CTR5_1_mature.sorted.bam.stats
[2022-11-05 04:14:52,917] multiqc                                            [DEBUG  ]  File ignored by lima/summary because it exceeded search pattern filesize limit: CTR5_1_mature.sorted.bam.stats
[2022-11-05 04:14:52,917] multiqc                                            [DEBUG  ]  File ignored by longranger/invocation because it exceeded search pattern filesize limit: CTR5_1_mature.sorted.bam.stats
[2022-11-05 04:14:52,926] multiqc                                            [DEBUG  ]  File ignored by nanostat because it exceeded search pattern filesize limit: CTR5_1_mature.sorted.bam.stats
[2022-11-05 04:14:52,928] multiqc                                            [DEBUG  ]  File ignored by ccs/v4 because it exceeded search pattern filesize limit: SIM2_1_mature.sorted.bam.stats
[2022-11-05 04:14:52,929] multiqc                                            [DEBUG  ]  File ignored by hicexplorer because it exceeded search pattern filesize limit: SIM2_1_mature.sorted.bam.stats
[2022-11-05 04:14:52,929] multiqc                                            [DEBUG  ]  File ignored by lima/summary because it exceeded search pattern filesize limit: SIM2_1_mature.sorted.bam.stats
[2022-11-05 04:14:52,929] multiqc                                            [DEBUG  ]  File ignored by longranger/invocation because it exceeded search pattern filesize limit: SIM2_1_mature.sorted.bam.stats
[2022-11-05 04:14:52,938] multiqc                                            [DEBUG  ]  File ignored by nanostat because it exceeded search pattern filesize limit: SIM2_1_mature.sorted.bam.stats
[2022-11-05 04:14:52,940] multiqc                                            [DEBUG  ]  File ignored by ccs/v4 because it exceeded search pattern filesize limit: VPASM1_1_mature.sorted.bam.stats
[2022-11-05 04:14:52,941] multiqc                                            [DEBUG  ]  File ignored by hicexplorer because it exceeded search pattern filesize limit: VPASM1_1_mature.sorted.bam.stats
[2022-11-05 04:14:52,941] multiqc                                            [DEBUG  ]  File ignored by lima/summary because it exceeded search pattern filesize limit: VPASM1_1_mature.sorted.bam.stats
[2022-11-05 04:14:52,942] multiqc                                            [DEBUG  ]  File ignored by longranger/invocation because it exceeded search pattern filesize limit: VPASM1_1_mature.sorted.bam.stats
[2022-11-05 04:14:52,951] multiqc                                            [DEBUG  ]  File ignored by nanostat because it exceeded search pattern filesize limit: VPASM1_1_mature.sorted.bam.stats
[2022-11-05 04:14:52,953] multiqc                                            [DEBUG  ]  File ignored by ccs/v4 because it exceeded search pattern filesize limit: VSGTX2_1_mature_hairpin.sorted.bam.stats
[2022-11-05 04:14:52,953] multiqc                                            [DEBUG  ]  File ignored by hicexplorer because it exceeded search pattern filesize limit: VSGTX2_1_mature_hairpin.sorted.bam.stats
[2022-11-05 04:14:52,953] multiqc                                            [DEBUG  ]  File ignored by lima/summary because it exceeded search pattern filesize limit: VSGTX2_1_mature_hairpin.sorted.bam.stats
[2022-11-05 04:14:52,954] multiqc                                            [DEBUG  ]  File ignored by longranger/invocation because it exceeded search pattern filesize limit: VSGTX2_1_mature_hairpin.sorted.bam.stats
[2022-11-05 04:14:52,963] multiqc                                            [DEBUG  ]  File ignored by nanostat because it exceeded search pattern filesize limit: VSGTX2_1_mature_hairpin.sorted.bam.stats
[2022-11-05 04:14:52,965] multiqc                                            [DEBUG  ]  File ignored by ccs/v4 because it exceeded search pattern filesize limit: VPA4_1_mature.sorted.bam.stats
[2022-11-05 04:14:52,965] multiqc                                            [DEBUG  ]  File ignored by hicexplorer because it exceeded search pattern filesize limit: VPA4_1_mature.sorted.bam.stats
[2022-11-05 04:14:52,965] multiqc                                            [DEBUG  ]  File ignored by lima/summary because it exceeded search pattern filesize limit: VPA4_1_mature.sorted.bam.stats
[2022-11-05 04:14:52,966] multiqc                                            [DEBUG  ]  File ignored by longranger/invocation because it exceeded search pattern filesize limit: VPA4_1_mature.sorted.bam.stats
[2022-11-05 04:14:52,974] multiqc                                            [DEBUG  ]  File ignored by nanostat because it exceeded search pattern filesize limit: VPA4_1_mature.sorted.bam.stats
[2022-11-05 04:14:52,976] multiqc                                            [DEBUG  ]  File ignored by ccs/v4 because it exceeded search pattern filesize limit: VPASM5_1_mature.sorted.bam.stats
[2022-11-05 04:14:52,977] multiqc                                            [DEBUG  ]  File ignored by hicexplorer because it exceeded search pattern filesize limit: VPASM5_1_mature.sorted.bam.stats
[2022-11-05 04:14:52,977] multiqc                                            [DEBUG  ]  File ignored by lima/summary because it exceeded search pattern filesize limit: VPASM5_1_mature.sorted.bam.stats
[2022-11-05 04:14:52,977] multiqc                                            [DEBUG  ]  File ignored by longranger/invocation because it exceeded search pattern filesize limit: VPASM5_1_mature.sorted.bam.stats
[2022-11-05 04:14:52,986] multiqc                                            [DEBUG  ]  File ignored by nanostat because it exceeded search pattern filesize limit: VPASM5_1_mature.sorted.bam.stats
[2022-11-05 04:14:52,987] multiqc                                            [DEBUG  ]  File ignored by ccs/v4 because it exceeded search pattern filesize limit: GEMTX1_1_mature_hairpin.sorted.bam.stats
[2022-11-05 04:14:52,988] multiqc                                            [DEBUG  ]  File ignored by hicexplorer because it exceeded search pattern filesize limit: GEMTX1_1_mature_hairpin.sorted.bam.stats
[2022-11-05 04:14:52,988] multiqc                                            [DEBUG  ]  File ignored by lima/summary because it exceeded search pattern filesize limit: GEMTX1_1_mature_hairpin.sorted.bam.stats
[2022-11-05 04:14:52,989] multiqc                                            [DEBUG  ]  File ignored by longranger/invocation because it exceeded search pattern filesize limit: GEMTX1_1_mature_hairpin.sorted.bam.stats
[2022-11-05 04:14:52,998] multiqc                                            [DEBUG  ]  File ignored by nanostat because it exceeded search pattern filesize limit: GEMTX1_1_mature_hairpin.sorted.bam.stats
[2022-11-05 04:14:53,003] multiqc                                            [DEBUG  ]  File ignored by ccs/v4 because it exceeded search pattern filesize limit: GEMTX3_1_mature_hairpin.sorted.bam.stats
[2022-11-05 04:14:53,004] multiqc                                            [DEBUG  ]  File ignored by hicexplorer because it exceeded search pattern filesize limit: GEMTX3_1_mature_hairpin.sorted.bam.stats
[2022-11-05 04:14:53,004] multiqc                                            [DEBUG  ]  File ignored by lima/summary because it exceeded search pattern filesize limit: GEMTX3_1_mature_hairpin.sorted.bam.stats
[2022-11-05 04:14:53,004] multiqc                                            [DEBUG  ]  File ignored by longranger/invocation because it exceeded search pattern filesize limit: GEMTX3_1_mature_hairpin.sorted.bam.stats
[2022-11-05 04:14:53,014] multiqc                                            [DEBUG  ]  File ignored by nanostat because it exceeded search pattern filesize limit: GEMTX3_1_mature_hairpin.sorted.bam.stats
[2022-11-05 04:14:53,015] multiqc                                            [DEBUG  ]  File ignored by ccs/v4 because it exceeded search pattern filesize limit: GEMTX6_1_mature_hairpin.sorted.bam.stats
[2022-11-05 04:14:53,016] multiqc                                            [DEBUG  ]  File ignored by hicexplorer because it exceeded search pattern filesize limit: GEMTX6_1_mature_hairpin.sorted.bam.stats
[2022-11-05 04:14:53,016] multiqc                                            [DEBUG  ]  File ignored by lima/summary because it exceeded search pattern filesize limit: GEMTX6_1_mature_hairpin.sorted.bam.stats
[2022-11-05 04:14:53,017] multiqc                                            [DEBUG  ]  File ignored by longranger/invocation because it exceeded search pattern filesize limit: GEMTX6_1_mature_hairpin.sorted.bam.stats
[2022-11-05 04:14:53,026] multiqc                                            [DEBUG  ]  File ignored by nanostat because it exceeded search pattern filesize limit: GEMTX6_1_mature_hairpin.sorted.bam.stats
[2022-11-05 04:14:53,028] multiqc                                            [DEBUG  ]  File ignored by ccs/v4 because it exceeded search pattern filesize limit: VPA3_1_mature.sorted.bam.stats
[2022-11-05 04:14:53,028] multiqc                                            [DEBUG  ]  File ignored by hicexplorer because it exceeded search pattern filesize limit: VPA3_1_mature.sorted.bam.stats
[2022-11-05 04:14:53,028] multiqc                                            [DEBUG  ]  File ignored by lima/summary because it exceeded search pattern filesize limit: VPA3_1_mature.sorted.bam.stats
[2022-11-05 04:14:53,029] multiqc                                            [DEBUG  ]  File ignored by longranger/invocation because it exceeded search pattern filesize limit: VPA3_1_mature.sorted.bam.stats
[2022-11-05 04:14:53,038] multiqc                                            [DEBUG  ]  File ignored by nanostat because it exceeded search pattern filesize limit: VPA3_1_mature.sorted.bam.stats
[2022-11-05 04:14:53,040] multiqc                                            [DEBUG  ]  File ignored by ccs/v4 because it exceeded search pattern filesize limit: VSGTX2_1_mature.sorted.bam.stats
[2022-11-05 04:14:53,040] multiqc                                            [DEBUG  ]  File ignored by hicexplorer because it exceeded search pattern filesize limit: VSGTX2_1_mature.sorted.bam.stats
[2022-11-05 04:14:53,040] multiqc                                            [DEBUG  ]  File ignored by lima/summary because it exceeded search pattern filesize limit: VSGTX2_1_mature.sorted.bam.stats
[2022-11-05 04:14:53,041] multiqc                                            [DEBUG  ]  File ignored by longranger/invocation because it exceeded search pattern filesize limit: VSGTX2_1_mature.sorted.bam.stats
[2022-11-05 04:14:53,049] multiqc                                            [DEBUG  ]  File ignored by nanostat because it exceeded search pattern filesize limit: VSGTX2_1_mature.sorted.bam.stats
[2022-11-05 04:14:53,053] multiqc                                            [DEBUG  ]  File ignored by ccs/v4 because it exceeded search pattern filesize limit: CTR4_1_mature.sorted.bam.stats
[2022-11-05 04:14:53,054] multiqc                                            [DEBUG  ]  File ignored by hicexplorer because it exceeded search pattern filesize limit: CTR4_1_mature.sorted.bam.stats
[2022-11-05 04:14:53,054] multiqc                                            [DEBUG  ]  File ignored by lima/summary because it exceeded search pattern filesize limit: CTR4_1_mature.sorted.bam.stats
[2022-11-05 04:14:53,055] multiqc                                            [DEBUG  ]  File ignored by longranger/invocation because it exceeded search pattern filesize limit: CTR4_1_mature.sorted.bam.stats
[2022-11-05 04:14:53,064] multiqc                                            [DEBUG  ]  File ignored by nanostat because it exceeded search pattern filesize limit: CTR4_1_mature.sorted.bam.stats
[2022-11-05 04:14:53,065] multiqc                                            [DEBUG  ]  File ignored by ccs/v4 because it exceeded search pattern filesize limit: VPASM1_1_mature_hairpin.sorted.bam.stats
[2022-11-05 04:14:53,066] multiqc                                            [DEBUG  ]  File ignored by hicexplorer because it exceeded search pattern filesize limit: VPASM1_1_mature_hairpin.sorted.bam.stats
[2022-11-05 04:14:53,066] multiqc                                            [DEBUG  ]  File ignored by lima/summary because it exceeded search pattern filesize limit: VPASM1_1_mature_hairpin.sorted.bam.stats
[2022-11-05 04:14:53,067] multiqc                                            [DEBUG  ]  File ignored by longranger/invocation because it exceeded search pattern filesize limit: VPASM1_1_mature_hairpin.sorted.bam.stats
[2022-11-05 04:14:53,075] multiqc                                            [DEBUG  ]  File ignored by nanostat because it exceeded search pattern filesize limit: VPASM1_1_mature_hairpin.sorted.bam.stats
[2022-11-05 04:14:53,078] multiqc                                            [DEBUG  ]  File ignored by ccs/v4 because it exceeded search pattern filesize limit: SIM1_1_mature.sorted.bam.stats
[2022-11-05 04:14:53,078] multiqc                                            [DEBUG  ]  File ignored by hicexplorer because it exceeded search pattern filesize limit: SIM1_1_mature.sorted.bam.stats
[2022-11-05 04:14:53,078] multiqc                                            [DEBUG  ]  File ignored by lima/summary because it exceeded search pattern filesize limit: SIM1_1_mature.sorted.bam.stats
[2022-11-05 04:14:53,079] multiqc                                            [DEBUG  ]  File ignored by longranger/invocation because it exceeded search pattern filesize limit: SIM1_1_mature.sorted.bam.stats
[2022-11-05 04:14:53,088] multiqc                                            [DEBUG  ]  File ignored by nanostat because it exceeded search pattern filesize limit: SIM1_1_mature.sorted.bam.stats
[2022-11-05 04:14:53,090] multiqc                                            [DEBUG  ]  File ignored by ccs/v4 because it exceeded search pattern filesize limit: SIM2_1_mature_hairpin.sorted.bam.stats
[2022-11-05 04:14:53,090] multiqc                                            [DEBUG  ]  File ignored by hicexplorer because it exceeded search pattern filesize limit: SIM2_1_mature_hairpin.sorted.bam.stats
[2022-11-05 04:14:53,090] multiqc                                            [DEBUG  ]  File ignored by lima/summary because it exceeded search pattern filesize limit: SIM2_1_mature_hairpin.sorted.bam.stats
[2022-11-05 04:14:53,091] multiqc                                            [DEBUG  ]  File ignored by longranger/invocation because it exceeded search pattern filesize limit: SIM2_1_mature_hairpin.sorted.bam.stats
[2022-11-05 04:14:53,100] multiqc                                            [DEBUG  ]  File ignored by nanostat because it exceeded search pattern filesize limit: SIM2_1_mature_hairpin.sorted.bam.stats
[2022-11-05 04:14:53,103] multiqc                                            [DEBUG  ]  File ignored by ccs/v4 because it exceeded search pattern filesize limit: GEMTX1_1_mature.sorted.bam.stats
[2022-11-05 04:14:53,103] multiqc                                            [DEBUG  ]  File ignored by hicexplorer because it exceeded search pattern filesize limit: GEMTX1_1_mature.sorted.bam.stats
[2022-11-05 04:14:53,103] multiqc                                            [DEBUG  ]  File ignored by lima/summary because it exceeded search pattern filesize limit: GEMTX1_1_mature.sorted.bam.stats
[2022-11-05 04:14:53,104] multiqc                                            [DEBUG  ]  File ignored by longranger/invocation because it exceeded search pattern filesize limit: GEMTX1_1_mature.sorted.bam.stats
[2022-11-05 04:14:53,113] multiqc                                            [DEBUG  ]  File ignored by nanostat because it exceeded search pattern filesize limit: GEMTX1_1_mature.sorted.bam.stats
[2022-11-05 04:14:53,115] multiqc                                            [DEBUG  ]  File ignored by ccs/v4 because it exceeded search pattern filesize limit: VSGTX5_1_mature_hairpin.sorted.bam.stats
[2022-11-05 04:14:53,115] multiqc                                            [DEBUG  ]  File ignored by hicexplorer because it exceeded search pattern filesize limit: VSGTX5_1_mature_hairpin.sorted.bam.stats
[2022-11-05 04:14:53,115] multiqc                                            [DEBUG  ]  File ignored by lima/summary because it exceeded search pattern filesize limit: VSGTX5_1_mature_hairpin.sorted.bam.stats
[2022-11-05 04:14:53,116] multiqc                                            [DEBUG  ]  File ignored by longranger/invocation because it exceeded search pattern filesize limit: VSGTX5_1_mature_hairpin.sorted.bam.stats
[2022-11-05 04:14:53,129] multiqc                                            [DEBUG  ]  File ignored by nanostat because it exceeded search pattern filesize limit: VSGTX5_1_mature_hairpin.sorted.bam.stats
[2022-11-05 04:14:53,136] multiqc                                            [DEBUG  ]  File ignored by ccs/v4 because it exceeded search pattern filesize limit: GEMTX5_1_mature_hairpin.sorted.bam.stats
[2022-11-05 04:14:53,137] multiqc                                            [DEBUG  ]  File ignored by hicexplorer because it exceeded search pattern filesize limit: GEMTX5_1_mature_hairpin.sorted.bam.stats
[2022-11-05 04:14:53,137] multiqc                                            [DEBUG  ]  File ignored by lima/summary because it exceeded search pattern filesize limit: GEMTX5_1_mature_hairpin.sorted.bam.stats
[2022-11-05 04:14:53,138] multiqc                                            [DEBUG  ]  File ignored by longranger/invocation because it exceeded search pattern filesize limit: GEMTX5_1_mature_hairpin.sorted.bam.stats
[2022-11-05 04:14:53,150] multiqc                                            [DEBUG  ]  File ignored by nanostat because it exceeded search pattern filesize limit: GEMTX5_1_mature_hairpin.sorted.bam.stats
[2022-11-05 04:14:53,161] multiqc                                            [DEBUG  ]  File ignored by ccs/v4 because it exceeded search pattern filesize limit: mirtrace-stats-qcstatus.tsv
[2022-11-05 04:14:53,162] multiqc                                            [DEBUG  ]  File ignored by lima/summary because it exceeded search pattern filesize limit: mirtrace-stats-qcstatus.tsv
[2022-11-05 04:14:53,166] multiqc                                            [DEBUG  ]  File ignored by ccs/v4 because it exceeded search pattern filesize limit: VPA2_1_mature_hairpin.sorted.bam.stats
[2022-11-05 04:14:53,166] multiqc                                            [DEBUG  ]  File ignored by hicexplorer because it exceeded search pattern filesize limit: VPA2_1_mature_hairpin.sorted.bam.stats
[2022-11-05 04:14:53,166] multiqc                                            [DEBUG  ]  File ignored by lima/summary because it exceeded search pattern filesize limit: VPA2_1_mature_hairpin.sorted.bam.stats
[2022-11-05 04:14:53,167] multiqc                                            [DEBUG  ]  File ignored by longranger/invocation because it exceeded search pattern filesize limit: VPA2_1_mature_hairpin.sorted.bam.stats
[2022-11-05 04:14:53,178] multiqc                                            [DEBUG  ]  File ignored by nanostat because it exceeded search pattern filesize limit: VPA2_1_mature_hairpin.sorted.bam.stats
[2022-11-05 04:14:53,180] multiqc                                            [DEBUG  ]  File ignored by ccs/v4 because it exceeded search pattern filesize limit: SIM6_1_mature_hairpin.sorted.bam.stats
[2022-11-05 04:14:53,181] multiqc                                            [DEBUG  ]  File ignored by hicexplorer because it exceeded search pattern filesize limit: SIM6_1_mature_hairpin.sorted.bam.stats
[2022-11-05 04:14:53,181] multiqc                                            [DEBUG  ]  File ignored by lima/summary because it exceeded search pattern filesize limit: SIM6_1_mature_hairpin.sorted.bam.stats
[2022-11-05 04:14:53,182] multiqc                                            [DEBUG  ]  File ignored by longranger/invocation because it exceeded search pattern filesize limit: SIM6_1_mature_hairpin.sorted.bam.stats
[2022-11-05 04:14:53,193] multiqc                                            [DEBUG  ]  File ignored by nanostat because it exceeded search pattern filesize limit: SIM6_1_mature_hairpin.sorted.bam.stats
[2022-11-05 04:14:53,195] multiqc                                            [DEBUG  ]  File ignored by ccs/v4 because it exceeded search pattern filesize limit: VPA6_1_mature.sorted.bam.stats
[2022-11-05 04:14:53,196] multiqc                                            [DEBUG  ]  File ignored by hicexplorer because it exceeded search pattern filesize limit: VPA6_1_mature.sorted.bam.stats
[2022-11-05 04:14:53,196] multiqc                                            [DEBUG  ]  File ignored by lima/summary because it exceeded search pattern filesize limit: VPA6_1_mature.sorted.bam.stats
[2022-11-05 04:14:53,197] multiqc                                            [DEBUG  ]  File ignored by longranger/invocation because it exceeded search pattern filesize limit: VPA6_1_mature.sorted.bam.stats
[2022-11-05 04:14:53,208] multiqc                                            [DEBUG  ]  File ignored by nanostat because it exceeded search pattern filesize limit: VPA6_1_mature.sorted.bam.stats
[2022-11-05 04:14:53,210] multiqc                                            [DEBUG  ]  File ignored by ccs/v4 because it exceeded search pattern filesize limit: CTR3_1_mature_hairpin.sorted.bam.stats
[2022-11-05 04:14:53,211] multiqc                                            [DEBUG  ]  File ignored by hicexplorer because it exceeded search pattern filesize limit: CTR3_1_mature_hairpin.sorted.bam.stats
[2022-11-05 04:14:53,211] multiqc                                            [DEBUG  ]  File ignored by lima/summary because it exceeded search pattern filesize limit: CTR3_1_mature_hairpin.sorted.bam.stats
[2022-11-05 04:14:53,212] multiqc                                            [DEBUG  ]  File ignored by longranger/invocation because it exceeded search pattern filesize limit: CTR3_1_mature_hairpin.sorted.bam.stats
[2022-11-05 04:14:53,223] multiqc                                            [DEBUG  ]  File ignored by nanostat because it exceeded search pattern filesize limit: CTR3_1_mature_hairpin.sorted.bam.stats
[2022-11-05 04:14:53,226] multiqc                                            [DEBUG  ]  File ignored by ccs/v4 because it exceeded search pattern filesize limit: CTR1_1_mature.sorted.bam.stats
[2022-11-05 04:14:53,226] multiqc                                            [DEBUG  ]  File ignored by hicexplorer because it exceeded search pattern filesize limit: CTR1_1_mature.sorted.bam.stats
[2022-11-05 04:14:53,226] multiqc                                            [DEBUG  ]  File ignored by lima/summary because it exceeded search pattern filesize limit: CTR1_1_mature.sorted.bam.stats
[2022-11-05 04:14:53,227] multiqc                                            [DEBUG  ]  File ignored by longranger/invocation because it exceeded search pattern filesize limit: CTR1_1_mature.sorted.bam.stats
[2022-11-05 04:14:53,238] multiqc                                            [DEBUG  ]  File ignored by nanostat because it exceeded search pattern filesize limit: CTR1_1_mature.sorted.bam.stats
[2022-11-05 04:14:53,244] multiqc                                            [DEBUG  ]  File ignored by ccs/v4 because it exceeded search pattern filesize limit: VPASM2_1_mature.sorted.bam.stats
[2022-11-05 04:14:53,245] multiqc                                            [DEBUG  ]  File ignored by hicexplorer because it exceeded search pattern filesize limit: VPASM2_1_mature.sorted.bam.stats
[2022-11-05 04:14:53,245] multiqc                                            [DEBUG  ]  File ignored by lima/summary because it exceeded search pattern filesize limit: VPASM2_1_mature.sorted.bam.stats
[2022-11-05 04:14:53,246] multiqc                                            [DEBUG  ]  File ignored by longranger/invocation because it exceeded search pattern filesize limit: VPASM2_1_mature.sorted.bam.stats
[2022-11-05 04:14:53,257] multiqc                                            [DEBUG  ]  File ignored by nanostat because it exceeded search pattern filesize limit: VPASM2_1_mature.sorted.bam.stats
[2022-11-05 04:14:53,259] multiqc                                            [DEBUG  ]  File ignored by ccs/v4 because it exceeded search pattern filesize limit: VPA6_1_mature_hairpin.sorted.bam.stats
[2022-11-05 04:14:53,260] multiqc                                            [DEBUG  ]  File ignored by hicexplorer because it exceeded search pattern filesize limit: VPA6_1_mature_hairpin.sorted.bam.stats
[2022-11-05 04:14:53,260] multiqc                                            [DEBUG  ]  File ignored by lima/summary because it exceeded search pattern filesize limit: VPA6_1_mature_hairpin.sorted.bam.stats
[2022-11-05 04:14:53,261] multiqc                                            [DEBUG  ]  File ignored by longranger/invocation because it exceeded search pattern filesize limit: VPA6_1_mature_hairpin.sorted.bam.stats
[2022-11-05 04:14:53,271] multiqc                                            [DEBUG  ]  File ignored by nanostat because it exceeded search pattern filesize limit: VPA6_1_mature_hairpin.sorted.bam.stats
[2022-11-05 04:14:53,273] multiqc                                            [DEBUG  ]  File ignored by ccs/v4 because it exceeded search pattern filesize limit: SIM1_1_mature_hairpin.sorted.bam.stats
[2022-11-05 04:14:53,274] multiqc                                            [DEBUG  ]  File ignored by hicexplorer because it exceeded search pattern filesize limit: SIM1_1_mature_hairpin.sorted.bam.stats
[2022-11-05 04:14:53,274] multiqc                                            [DEBUG  ]  File ignored by lima/summary because it exceeded search pattern filesize limit: SIM1_1_mature_hairpin.sorted.bam.stats
[2022-11-05 04:14:53,275] multiqc                                            [DEBUG  ]  File ignored by longranger/invocation because it exceeded search pattern filesize limit: SIM1_1_mature_hairpin.sorted.bam.stats
[2022-11-05 04:14:53,284] multiqc                                            [DEBUG  ]  File ignored by nanostat because it exceeded search pattern filesize limit: SIM1_1_mature_hairpin.sorted.bam.stats
[2022-11-05 04:14:53,286] multiqc                                            [DEBUG  ]  File ignored by ccs/v4 because it exceeded search pattern filesize limit: SIM5_1_mature.sorted.bam.stats
[2022-11-05 04:14:53,286] multiqc                                            [DEBUG  ]  File ignored by hicexplorer because it exceeded search pattern filesize limit: SIM5_1_mature.sorted.bam.stats
[2022-11-05 04:14:53,286] multiqc                                            [DEBUG  ]  File ignored by lima/summary because it exceeded search pattern filesize limit: SIM5_1_mature.sorted.bam.stats
[2022-11-05 04:14:53,287] multiqc                                            [DEBUG  ]  File ignored by longranger/invocation because it exceeded search pattern filesize limit: SIM5_1_mature.sorted.bam.stats
[2022-11-05 04:14:53,296] multiqc                                            [DEBUG  ]  File ignored by nanostat because it exceeded search pattern filesize limit: SIM5_1_mature.sorted.bam.stats
[2022-11-05 04:14:53,301] multiqc                                            [DEBUG  ]  File ignored by ccs/v4 because it exceeded search pattern filesize limit: CTR5_1_mature_hairpin.sorted.bam.stats
[2022-11-05 04:14:53,301] multiqc                                            [DEBUG  ]  File ignored by hicexplorer because it exceeded search pattern filesize limit: CTR5_1_mature_hairpin.sorted.bam.stats
[2022-11-05 04:14:53,301] multiqc                                            [DEBUG  ]  File ignored by lima/summary because it exceeded search pattern filesize limit: CTR5_1_mature_hairpin.sorted.bam.stats
[2022-11-05 04:14:53,302] multiqc                                            [DEBUG  ]  File ignored by longranger/invocation because it exceeded search pattern filesize limit: CTR5_1_mature_hairpin.sorted.bam.stats
[2022-11-05 04:14:53,311] multiqc                                            [DEBUG  ]  File ignored by nanostat because it exceeded search pattern filesize limit: CTR5_1_mature_hairpin.sorted.bam.stats
[2022-11-05 04:14:53,313] multiqc                                            [DEBUG  ]  File ignored by ccs/v4 because it exceeded search pattern filesize limit: mirtrace-report.html
[2022-11-05 04:14:53,314] multiqc                                            [DEBUG  ]  File ignored by hicexplorer because it exceeded search pattern filesize limit: mirtrace-report.html
[2022-11-05 04:14:53,314] multiqc                                            [DEBUG  ]  File ignored by lima/summary because it exceeded search pattern filesize limit: mirtrace-report.html
[2022-11-05 04:14:53,315] multiqc                                            [DEBUG  ]  File ignored by vep/vep_txt because it exceeded search pattern filesize limit: mirtrace-report.html
[2022-11-05 04:14:53,315] multiqc                                            [DEBUG  ]  File ignored by longranger/invocation because it exceeded search pattern filesize limit: mirtrace-report.html
[2022-11-05 04:14:53,315] multiqc                                            [DEBUG  ]  File ignored by rockhopper because it exceeded search pattern filesize limit: mirtrace-report.html
[2022-11-05 04:14:53,315] multiqc                                            [DEBUG  ]  File ignored by rseqc/bam_stat because it exceeded search pattern filesize limit: mirtrace-report.html
[2022-11-05 04:14:53,315] multiqc                                            [DEBUG  ]  File ignored by rseqc/junction_annotation because it exceeded search pattern filesize limit: mirtrace-report.html
[2022-11-05 04:14:53,315] multiqc                                            [DEBUG  ]  File ignored by rseqc/read_distribution because it exceeded search pattern filesize limit: mirtrace-report.html
[2022-11-05 04:14:53,315] multiqc                                            [DEBUG  ]  File ignored by rseqc/infer_experiment because it exceeded search pattern filesize limit: mirtrace-report.html
[2022-11-05 04:14:53,379] multiqc                                            [DEBUG  ]  File ignored by nanostat because it exceeded search pattern filesize limit: mirtrace-report.html
[2022-11-05 04:14:53,383] multiqc                                            [DEBUG  ]  File ignored by ccs/v4 because it exceeded search pattern filesize limit: SIM3_1_mature_hairpin.sorted.bam.stats
[2022-11-05 04:14:53,384] multiqc                                            [DEBUG  ]  File ignored by hicexplorer because it exceeded search pattern filesize limit: SIM3_1_mature_hairpin.sorted.bam.stats
[2022-11-05 04:14:53,384] multiqc                                            [DEBUG  ]  File ignored by lima/summary because it exceeded search pattern filesize limit: SIM3_1_mature_hairpin.sorted.bam.stats
[2022-11-05 04:14:53,384] multiqc                                            [DEBUG  ]  File ignored by longranger/invocation because it exceeded search pattern filesize limit: SIM3_1_mature_hairpin.sorted.bam.stats
[2022-11-05 04:14:53,394] multiqc                                            [DEBUG  ]  File ignored by nanostat because it exceeded search pattern filesize limit: SIM3_1_mature_hairpin.sorted.bam.stats
[2022-11-05 04:14:53,396] multiqc                                            [DEBUG  ]  File ignored by ccs/v4 because it exceeded search pattern filesize limit: VPASM3_1_mature.sorted.bam.stats
[2022-11-05 04:14:53,396] multiqc                                            [DEBUG  ]  File ignored by hicexplorer because it exceeded search pattern filesize limit: VPASM3_1_mature.sorted.bam.stats
[2022-11-05 04:14:53,396] multiqc                                            [DEBUG  ]  File ignored by lima/summary because it exceeded search pattern filesize limit: VPASM3_1_mature.sorted.bam.stats
[2022-11-05 04:14:53,397] multiqc                                            [DEBUG  ]  File ignored by longranger/invocation because it exceeded search pattern filesize limit: VPASM3_1_mature.sorted.bam.stats
[2022-11-05 04:14:53,406] multiqc                                            [DEBUG  ]  File ignored by nanostat because it exceeded search pattern filesize limit: VPASM3_1_mature.sorted.bam.stats
[2022-11-05 04:14:53,408] multiqc                                            [DEBUG  ]  File ignored by ccs/v4 because it exceeded search pattern filesize limit: mirtop_stats.txt
[2022-11-05 04:14:53,408] multiqc                                            [DEBUG  ]  File ignored by hicexplorer because it exceeded search pattern filesize limit: mirtop_stats.txt
[2022-11-05 04:14:53,408] multiqc                                            [DEBUG  ]  File ignored by lima/summary because it exceeded search pattern filesize limit: mirtop_stats.txt
[2022-11-05 04:14:53,409] multiqc                                            [DEBUG  ]  File ignored by longranger/invocation because it exceeded search pattern filesize limit: mirtop_stats.txt
[2022-11-05 04:14:53,421] multiqc                                            [DEBUG  ]  File ignored by nanostat because it exceeded search pattern filesize limit: mirtop_stats.txt
[2022-11-05 04:14:54,661] multiqc.plots.bargraph                             [DEBUG  ]  Using matplotlib version 3.5.1
[2022-11-05 04:14:54,665] multiqc.plots.linegraph                            [DEBUG  ]  Using matplotlib version 3.5.1
[2022-11-05 04:14:54,690] multiqc.modules.custom_content.custom_content      [INFO   ]  nf-core-smrnaseq-summary: Found 1 sample (html)
[2022-11-05 04:14:54,690] multiqc.modules.custom_content.custom_content      [INFO   ]  software_versions: Found 1 sample (html)
[2022-11-05 04:15:01,111] multiqc.modules.mirtop.mirtop                      [INFO   ]  Found 34 reports
[2022-11-05 04:15:10,926] multiqc.modules.samtools.samtools                  [INFO   ]  Found 68 stats reports
[2022-11-05 04:15:15,654] multiqc.modules.fastqc.fastqc                      [INFO   ]  Found 34 reports
[2022-11-05 04:15:21,118] multiqc                                            [DEBUG  ]  Reordering sections: anchor 'software_versions' not found for module 'miRTrace'.
[2022-11-05 04:15:21,118] multiqc                                            [DEBUG  ]  Reordering sections: anchor 'nf-core-smrnaseq-summary' not found for module 'miRTrace'.
[2022-11-05 04:15:21,118] multiqc                                            [DEBUG  ]  Reordering sections: anchor 'software_versions' not found for module 'mirtop'.
[2022-11-05 04:15:21,118] multiqc                                            [DEBUG  ]  Reordering sections: anchor 'nf-core-smrnaseq-summary' not found for module 'mirtop'.
[2022-11-05 04:15:21,118] multiqc                                            [DEBUG  ]  Reordering sections: anchor 'software_versions' not found for module 'Samtools'.
[2022-11-05 04:15:21,118] multiqc                                            [DEBUG  ]  Reordering sections: anchor 'nf-core-smrnaseq-summary' not found for module 'Samtools'.
[2022-11-05 04:15:21,118] multiqc                                            [DEBUG  ]  Reordering sections: anchor 'software_versions' not found for module 'FastQC'.
[2022-11-05 04:15:21,118] multiqc                                            [DEBUG  ]  Reordering sections: anchor 'nf-core-smrnaseq-summary' not found for module 'FastQC'.
[2022-11-05 04:15:21,118] multiqc                                            [DEBUG  ]  Reordering sections: anchor 'software_versions' not found for module 'nf-core/smrnaseq Software Versions'.
[2022-11-05 04:15:21,118] multiqc                                            [DEBUG  ]  Reordering sections: anchor 'nf-core-smrnaseq-summary' not found for module 'nf-core/smrnaseq Software Versions'.
[2022-11-05 04:15:21,119] multiqc                                            [DEBUG  ]  Reordering sections: anchor 'software_versions' not found for module 'nf-core/smrnaseq Workflow Summary'.
[2022-11-05 04:15:21,119] multiqc                                            [DEBUG  ]  Reordering sections: anchor 'nf-core-smrnaseq-summary' not found for module 'nf-core/smrnaseq Workflow Summary'.
[2022-11-05 04:15:21,224] multiqc                                            [INFO   ]  Compressing plot data
[2022-11-05 04:15:22,018] multiqc                                            [INFO   ]  Report      : multiqc_report.html
[2022-11-05 04:15:22,018] multiqc                                            [INFO   ]  Data        : multiqc_data
[2022-11-05 04:15:22,018] multiqc                                            [DEBUG  ]  Moving data file from '/tmp/tmpw6jwk8d3/multiqc_data' to '/storage2/Bermejo/miRNA/FASTQs/work/53/c215f5f143450e22280d1b2dbddb0c/multiqc_data'
[2022-11-05 04:15:22,026] multiqc                                            [INFO   ]  Plots       : multiqc_plots
[2022-11-05 04:15:22,026] multiqc                                            [DEBUG  ]  Moving plots directory from '/tmp/tmpw6jwk8d3/multiqc_plots' to '/storage2/Bermejo/miRNA/FASTQs/work/53/c215f5f143450e22280d1b2dbddb0c/multiqc_plots'
[2022-11-05 04:15:22,098] multiqc                                            [INFO   ]  MultiQC complete
